<?xml version="1.0" encoding="utf-8"?><testsuites name="pytest tests"><testsuite name="pytest" errors="0" failures="0" skipped="0" tests="29" time="31.935" timestamp="2026-02-16T09:45:09.921966+00:00" hostname="agent-env-407be847-fa59-4bcf-8fe4-1a5f72ce8216"><testcase classname="backend.tests.test_gig_zipfinder_api.TestHealthCheck" name="test_health_endpoint_returns_200" time="0.648" /><testcase classname="backend.tests.test_gig_zipfinder_api.TestZipCodesAPI" name="test_get_instacart_zip_codes" time="0.489" /><testcase classname="backend.tests.test_gig_zipfinder_api.TestZipCodesAPI" name="test_get_doordash_zip_codes" time="0.476" /><testcase classname="backend.tests.test_gig_zipfinder_api.TestZipCodesAPI" name="test_get_spark_zip_codes" time="0.676" /><testcase classname="backend.tests.test_gig_zipfinder_api.TestGuidesAPI" name="test_get_instacart_guides" time="0.366" /><testcase classname="backend.tests.test_gig_zipfinder_api.TestGuidesAPI" name="test_get_doordash_guides" time="0.394" /><testcase classname="backend.tests.test_gig_zipfinder_api.TestGuidesAPI" name="test_get_spark_guides" time="0.382" /><testcase classname="backend.tests.test_gig_zipfinder_api.TestGuidesAPI" name="test_get_google_voice_guides" time="0.369" /><testcase classname="backend.tests.test_gig_zipfinder_api.TestStripeAPI" name="test_get_stripe_config" time="0.366" /><testcase classname="backend.tests.test_gig_zipfinder_api.TestStripeAPI" name="test_create_payment_intent_without_terms" time="0.355" /><testcase classname="backend.tests.test_gig_zipfinder_api.TestStripeAPI" name="test_create_payment_intent_with_terms" time="1.715" /><testcase classname="backend.tests.test_gig_zipfinder_api.TestStripeAPI" name="test_create_checkout_session_without_terms" time="0.736" /><testcase classname="backend.tests.test_gig_zipfinder_api.TestStripeAPI" name="test_create_checkout_session_with_terms" time="0.732" /><testcase classname="backend.tests.test_gig_zipfinder_api.TestAdminAuth" name="test_admin_login_invalid_credentials" time="0.367" /><testcase classname="backend.tests.test_gig_zipfinder_api.TestAdminAuth" name="test_admin_login_invalid_totp" time="0.371" /><testcase classname="backend.tests.test_gig_zipfinder_api.TestAdminAuth" name="test_admin_login_valid_credentials" time="0.384" /><testcase classname="backend.tests.test_gig_zipfinder_api.TestAISearchAPI" name="test_search_zip_codes_instacart" time="7.238" /><testcase classname="backend.tests.test_gig_zipfinder_api.TestAISearchAPI" name="test_search_zip_codes_doordash" time="4.937" /><testcase classname="backend.tests.test_gig_zipfinder_api.TestAISearchAPI" name="test_search_zip_codes_spark" time="5.716" /><testcase classname="backend.tests.test_gig_zipfinder_api.TestPrivacyPolicyAndTerms" name="test_get_terms" time="0.482" /><testcase classname="backend.tests.test_gig_zipfinder_api.TestAdminProtectedEndpoints" name="test_admin_payments_without_auth" time="0.472" /><testcase classname="backend.tests.test_gig_zipfinder_api.TestAdminProtectedEndpoints" name="test_admin_stats_without_auth" time="0.363" /><testcase classname="backend.tests.test_gig_zipfinder_api.TestAdminProtectedEndpoints" name="test_admin_payments_with_auth" time="0.931" /><testcase classname="backend.tests.test_gig_zipfinder_api.TestAdminProtectedEndpoints" name="test_admin_stats_with_auth" time="0.366" /><testcase classname="backend.tests.test_gig_zipfinder_api.TestMiscEndpoints" name="test_check_rotation_status" time="0.365" /><testcase classname="backend.tests.test_gig_zipfinder_api.TestMiscEndpoints" name="test_guides_list" time="0.369" /><testcase classname="backend.tests.test_gig_zipfinder_api.TestMiscEndpoints" name="test_marketing_list" time="0.365" /><testcase classname="backend.tests.test_gig_zipfinder_api.TestDataPersistence" name="test_seed_data_endpoint" time="0.371" /><testcase classname="backend.tests.test_gig_zipfinder_api.TestDataPersistence" name="test_zip_codes_persisted_after_ai_search" time="0.842" /></testsuite></testsuites>