<?xml version="1.0" encoding="utf-8"?><testsuites name="pytest tests"><testsuite name="pytest" errors="0" failures="0" skipped="0" tests="29" time="18.287" timestamp="2026-02-16T09:46:42.451640+00:00" hostname="agent-env-407be847-fa59-4bcf-8fe4-1a5f72ce8216"><testcase classname="backend.tests.test_gig_zipfinder_api.TestHealthCheck" name="test_health_endpoint_returns_200" time="0.619" /><testcase classname="backend.tests.test_gig_zipfinder_api.TestZipCodesAPI" name="test_get_instacart_zip_codes" time="0.357" /><testcase classname="backend.tests.test_gig_zipfinder_api.TestZipCodesAPI" name="test_get_doordash_zip_codes" time="1.669" /><testcase classname="backend.tests.test_gig_zipfinder_api.TestZipCodesAPI" name="test_get_spark_zip_codes" time="0.365" /><testcase classname="backend.tests.test_gig_zipfinder_api.TestGuidesAPI" name="test_get_instacart_guides" time="0.363" /><testcase classname="backend.tests.test_gig_zipfinder_api.TestGuidesAPI" name="test_get_doordash_guides" time="0.359" /><testcase classname="backend.tests.test_gig_zipfinder_api.TestGuidesAPI" name="test_get_spark_guides" time="0.373" /><testcase classname="backend.tests.test_gig_zipfinder_api.TestGuidesAPI" name="test_get_google_voice_guides" time="0.377" /><testcase classname="backend.tests.test_gig_zipfinder_api.TestStripeAPI" name="test_get_stripe_config" time="0.371" /><testcase classname="backend.tests.test_gig_zipfinder_api.TestStripeAPI" name="test_create_payment_intent_without_terms" time="0.353" /><testcase classname="backend.tests.test_gig_zipfinder_api.TestStripeAPI" name="test_create_payment_intent_with_terms" time="0.906" /><testcase classname="backend.tests.test_gig_zipfinder_api.TestStripeAPI" name="test_create_checkout_session_without_terms" time="0.732" /><testcase classname="backend.tests.test_gig_zipfinder_api.TestStripeAPI" name="test_create_checkout_session_with_terms" time="0.743" /><testcase classname="backend.tests.test_gig_zipfinder_api.TestAdminAuth" name="test_admin_login_invalid_credentials" time="0.561" /><testcase classname="backend.tests.test_gig_zipfinder_api.TestAdminAuth" name="test_admin_login_invalid_totp" time="0.422" /><testcase classname="backend.tests.test_gig_zipfinder_api.TestAdminAuth" name="test_admin_login_valid_credentials" time="0.434" /><testcase classname="backend.tests.test_gig_zipfinder_api.TestAISearchAPI" name="test_search_zip_codes_instacart" time="3.503" /><testcase classname="backend.tests.test_gig_zipfinder_api.TestAISearchAPI" name="test_search_zip_codes_doordash" time="0.357" /><testcase classname="backend.tests.test_gig_zipfinder_api.TestAISearchAPI" name="test_search_zip_codes_spark" time="0.376" /><testcase classname="backend.tests.test_gig_zipfinder_api.TestPrivacyPolicyAndTerms" name="test_get_terms" time="0.371" /><testcase classname="backend.tests.test_gig_zipfinder_api.TestAdminProtectedEndpoints" name="test_admin_payments_without_auth" time="0.352" /><testcase classname="backend.tests.test_gig_zipfinder_api.TestAdminProtectedEndpoints" name="test_admin_stats_without_auth" time="0.370" /><testcase classname="backend.tests.test_gig_zipfinder_api.TestAdminProtectedEndpoints" name="test_admin_payments_with_auth" time="1.066" /><testcase classname="backend.tests.test_gig_zipfinder_api.TestAdminProtectedEndpoints" name="test_admin_stats_with_auth" time="0.362" /><testcase classname="backend.tests.test_gig_zipfinder_api.TestMiscEndpoints" name="test_check_rotation_status" time="0.433" /><testcase classname="backend.tests.test_gig_zipfinder_api.TestMiscEndpoints" name="test_guides_list" time="0.396" /><testcase classname="backend.tests.test_gig_zipfinder_api.TestMiscEndpoints" name="test_marketing_list" time="0.385" /><testcase classname="backend.tests.test_gig_zipfinder_api.TestDataPersistence" name="test_seed_data_endpoint" time="0.495" /><testcase classname="backend.tests.test_gig_zipfinder_api.TestDataPersistence" name="test_zip_codes_persisted_after_ai_search" time="0.709" /></testsuite></testsuites>